<?xml version="1.0" encoding="UTF-8"?>
<!-- Generated by org.testng.reporters.JUnitReportReporter -->
<testsuite hostname="MyNotebookPro44" failures="0" tests="1" name="Testcases1.SignupTestCase" time="16.036" errors="0" timestamp="2022-12-12T20:41:43 IST" skipped="0">
  <testcase classname="Testcases1.SignupTestCase" name="VerifySignup" time="16.036"/>
  <system-out/>
</testsuite> <!-- Testcases1.SignupTestCase -->
